# JRE version: Java(TM) SE Runtime Environment (11.0.5+10) (build 11.0.5+10-LTS)
# Java VM: Java HotSpot(TM) 64-Bit Server VM (11.0.5+10-LTS, mixed mode, tiered, compressed oops, g1 gc, windows-amd64)
Heap:
 garbage-first heap   total 262144K, used 81931K [0x00000000e0000000, 0x0000000100000000)
  region size 1024K, 51 young (52224K), 11 survivors (11264K)
 Metaspace       used 48137K, capacity 49310K, committed 49456K, reserved 296960K
  class space    used 6052K, capacity 6488K, committed 6528K, reserved 253952K
GC Heap History (10 events):
Event: 6.887 GC heap before
{Heap before GC invocations=3 (full 0):
 garbage-first heap   total 262144K, used 53061K [0x00000000e0000000, 0x0000000100000000)
  region size 1024K, 43 young (44032K), 4 survivors (4096K)
 Metaspace       used 18616K, capacity 19084K, committed 19328K, reserved 272384K
  class space    used 2246K, capacity 2402K, committed 2432K, reserved 253952K
}
Event: 6.903 GC heap after
{Heap after GC invocations=4 (full 0):
 garbage-first heap   total 262144K, used 15871K [0x00000000e0000000, 0x0000000100000000)
  region size 1024K, 3 young (3072K), 3 survivors (3072K)
 Metaspace       used 18616K, capacity 19084K, committed 19328K, reserved 272384K
  class space    used 2246K, capacity 2402K, committed 2432K, reserved 253952K
}
Event: 7.185 GC heap before
{Heap before GC invocations=4 (full 0):
 garbage-first heap   total 262144K, used 26111K [0x00000000e0000000, 0x0000000100000000)
  region size 1024K, 14 young (14336K), 3 survivors (3072K)
 Metaspace       used 20680K, capacity 21103K, committed 21296K, reserved 274432K
  class space    used 2451K, capacity 2606K, committed 2688K, reserved 253952K
}
Event: 7.193 GC heap after
{Heap after GC invocations=5 (full 0):
 garbage-first heap   total 262144K, used 16261K [0x00000000e0000000, 0x0000000100000000)
  region size 1024K, 4 young (4096K), 4 survivors (4096K)
 Metaspace       used 20680K, capacity 21103K, committed 21296K, reserved 274432K
  class space    used 2451K, capacity 2606K, committed 2688K, reserved 253952K
}
Event: 9.019 GC heap before
{Heap before GC invocations=6 (full 0):
 garbage-first heap   total 262144K, used 78725K [0x00000000e0000000, 0x0000000100000000)
  region size 1024K, 55 young (56320K), 4 survivors (4096K)
 Metaspace       used 26741K, capacity 27475K, committed 27696K, reserved 278528K
  class space    used 3414K, capacity 3655K, committed 3712K, reserved 253952K
}
Event: 9.034 GC heap after
{Heap after GC invocations=7 (full 0):
 garbage-first heap   total 262144K, used 31518K [0x00000000e0000000, 0x0000000100000000)
  region size 1024K, 7 young (7168K), 7 survivors (7168K)
 Metaspace       used 26741K, capacity 27475K, committed 27696K, reserved 278528K
  class space    used 3414K, capacity 3655K, committed 3712K, reserved 253952K
}
Event: 10.613 GC heap before
{Heap before GC invocations=7 (full 0):
 garbage-first heap   total 262144K, used 75550K [0x00000000e0000000, 0x0000000100000000)
  region size 1024K, 52 young (53248K), 7 survivors (7168K)
 Metaspace       used 34992K, capacity 35774K, committed 35888K, reserved 286720K
  class space    used 4450K, capacity 4723K, committed 4736K, reserved 253952K
}
Event: 10.631 GC heap after
{Heap after GC invocations=8 (full 0):
 garbage-first heap   total 262144K, used 35547K [0x00000000e0000000, 0x0000000100000000)
  region size 1024K, 11 young (11264K), 11 survivors (11264K)
 Metaspace       used 34992K, capacity 35774K, committed 35888K, reserved 286720K
  class space    used 4450K, capacity 4723K, committed 4736K, reserved 253952K
}
Event: 13.854 GC heap before
{Heap before GC invocations=9 (full 0):
 garbage-first heap   total 262144K, used 132827K [0x00000000e0000000, 0x0000000100000000)
  region size 1024K, 104 young (106496K), 11 survivors (11264K)
 Metaspace       used 45238K, capacity 46416K, committed 46640K, reserved 294912K
  class space    used 5611K, capacity 5996K, committed 6016K, reserved 253952K
}
Event: 13.889 GC heap after
{Heap after GC invocations=10 (full 0):
 garbage-first heap   total 262144K, used 41995K [0x00000000e0000000, 0x0000000100000000)
  region size 1024K, 11 young (11264K), 11 survivors (11264K)
 Metaspace       used 45238K, capacity 46416K, committed 46640K, reserved 294912K
  class space    used 5611K, capacity 5996K, committed 6016K, reserved 253952K
}

